2026-04-03 11:18:58,820 - INFO - Job start timestamp: 2026-04-03 11:18:58
2026-04-03 11:18:58,821 - INFO - Config loaded and validated (seed=42, window=5, version=v1)
2026-04-03 11:18:58,845 - INFO - Rows loaded: 10000
2026-04-03 11:18:58,846 - INFO - Computing rolling mean (window=5)
2026-04-03 11:18:58,850 - INFO - Generating signals
2026-04-03 11:18:58,852 - INFO - Metrics summary: {"version": "v1", "rows_processed": 10000, "metric": "signal_rate", "value": 0.5008, "latency_ms": 34, "seed": 42, "status": "success"}
2026-04-03 11:18:58,853 - INFO - Job end - Success
2026-04-03 11:28:37,944 - INFO - Job start timestamp: 2026-04-03 11:28:37
2026-04-03 11:28:37,945 - INFO - Config loaded and validated (seed=42, window=5, version=v1)
2026-04-03 11:28:37,960 - INFO - Rows loaded: 10000
2026-04-03 11:28:37,960 - INFO - Computing rolling mean (window=5)
2026-04-03 11:28:37,961 - INFO - Generating signals
2026-04-03 11:28:37,962 - INFO - Metrics summary: {"version": "v1", "rows_processed": 10000, "metric": "signal_rate", "value": 0.5008, "latency_ms": 19, "seed": 42, "status": "success"}
2026-04-03 11:28:37,963 - INFO - Job end - Success
2026-04-03 11:34:21,484 - INFO - Job start timestamp: 2026-04-03 11:34:21
2026-04-03 11:34:21,485 - INFO - Config loaded and validated (seed=42, window=5, version=v1)
2026-04-03 11:34:21,503 - INFO - Rows loaded: 10000
2026-04-03 11:34:21,503 - INFO - Computing rolling mean (window=5)
2026-04-03 11:34:21,504 - INFO - Generating signals
2026-04-03 11:34:21,505 - INFO - Metrics summary: {"version": "v1", "rows_processed": 10000, "metric": "signal_rate", "value": 0.5008, "latency_ms": 21, "seed": 42, "status": "success"}
2026-04-03 11:34:21,506 - INFO - Job end - Success
2026-04-03 11:43:51,219 - INFO - Job start timestamp: 2026-04-03 11:43:51
2026-04-03 11:43:51,222 - INFO - Config loaded and validated (seed=42, window=5, version=v1)
2026-04-03 11:43:51,251 - INFO - Rows loaded: 10000
2026-04-03 11:43:51,252 - INFO - Computing rolling mean (window=5)
2026-04-03 11:43:51,259 - INFO - Generating signals
2026-04-03 11:43:51,261 - INFO - Metrics summary: {"version": "v1", "rows_processed": 10000, "metric": "signal_rate", "value": 0.5008, "latency_ms": 43, "seed": 42, "status": "success"}
2026-04-03 11:43:51,263 - INFO - Job end - Success
2026-04-03 11:44:12,596 - INFO - Job start timestamp: 2026-04-03 11:44:12
2026-04-03 11:44:12,597 - INFO - Config loaded and validated (seed=42, window=5, version=v1)
2026-04-03 11:44:12,614 - INFO - Rows loaded: 10000
2026-04-03 11:44:12,614 - INFO - Computing rolling mean (window=5)
2026-04-03 11:44:12,615 - INFO - Generating signals
2026-04-03 11:44:12,616 - INFO - Metrics summary: {"version": "v1", "rows_processed": 10000, "metric": "signal_rate", "value": 0.5008, "latency_ms": 22, "seed": 42, "status": "success"}
2026-04-03 11:44:12,618 - INFO - Job end - Success
